[debug] [2021-03-07T11:03:01.656Z] ----------------------------------------------------------------------
[debug] [2021-03-07T11:03:01.658Z] Command:       /home/joekenpat/.nvm/versions/node/v14.15.4/bin/node /home/joekenpat/.nvm/versions/node/v14.15.4/bin/firebase deploy
[debug] [2021-03-07T11:03:01.658Z] CLI Version:   9.5.0
[debug] [2021-03-07T11:03:01.658Z] Platform:      linux
[debug] [2021-03-07T11:03:01.659Z] Node Version:  v14.15.4
[debug] [2021-03-07T11:03:01.659Z] Time:          Sun Mar 07 2021 12:03:01 GMT+0100 (West Africa Standard Time)
[debug] [2021-03-07T11:03:01.659Z] ----------------------------------------------------------------------
[debug] [2021-03-07T11:03:01.659Z] 
[debug] [2021-03-07T11:03:01.664Z] > command requires scopes: ["email","openid","https://www.googleapis.com/auth/cloudplatformprojects.readonly","https://www.googleapis.com/auth/firebase","https://www.googleapis.com/auth/cloud-platform"]
[debug] [2021-03-07T11:03:01.664Z] > authorizing via signed-in user
[debug] [2021-03-07T11:03:01.665Z] [iam] checking project smartrex-joekenpat for permissions ["firebase.projects.get","firebasehosting.sites.update"]
[debug] [2021-03-07T11:03:01.666Z] >>> HTTP REQUEST POST https://cloudresourcemanager.googleapis.com/v1/projects/smartrex-joekenpat:testIamPermissions  
 {"permissions":["firebase.projects.get","firebasehosting.sites.update"]}
[debug] [2021-03-07T11:03:04.080Z] <<< HTTP RESPONSE 200 {"content-type":"application/json; charset=UTF-8","vary":"X-Origin, Referer, Origin,Accept-Encoding","date":"Sun, 07 Mar 2021 11:03:03 GMT","server":"ESF","cache-control":"private","x-xss-protection":"0","x-frame-options":"SAMEORIGIN","x-content-type-options":"nosniff","server-timing":"gfet4t7; dur=570","alt-svc":"h3-29=\":443\"; ma=2592000,h3-T051=\":443\"; ma=2592000,h3-Q050=\":443\"; ma=2592000,h3-Q046=\":443\"; ma=2592000,h3-Q043=\":443\"; ma=2592000,quic=\":443\"; ma=2592000; v=\"46,43\"","accept-ranges":"none","transfer-encoding":"chunked"}
[debug] [2021-03-07T11:03:04.084Z] > refreshing access token with scopes: []
[debug] [2021-03-07T11:03:04.084Z] >>> HTTP REQUEST POST https://www.googleapis.com/oauth2/v3/token  
 <request body omitted>
[debug] [2021-03-07T11:03:04.963Z] <<< HTTP RESPONSE 200 {"date":"Sun, 07 Mar 2021 11:03:04 GMT","pragma":"no-cache","expires":"Mon, 01 Jan 1990 00:00:00 GMT","cache-control":"no-cache, no-store, max-age=0, must-revalidate","content-type":"application/json; charset=utf-8","vary":"X-Origin, Referer, Origin,Accept-Encoding","server":"scaffolding on HTTPServer2","x-xss-protection":"0","x-frame-options":"SAMEORIGIN","x-content-type-options":"nosniff","alt-svc":"h3-29=\":443\"; ma=2592000,h3-T051=\":443\"; ma=2592000,h3-Q050=\":443\"; ma=2592000,h3-Q046=\":443\"; ma=2592000,h3-Q043=\":443\"; ma=2592000,quic=\":443\"; ma=2592000; v=\"46,43\"","accept-ranges":"none","transfer-encoding":"chunked"}
[debug] [2021-03-07T11:03:05.014Z] >>> [apiv2][query] GET https://firebase.googleapis.com/v1beta1/projects/smartrex-joekenpat [none]
[debug] [2021-03-07T11:03:06.040Z] <<< [apiv2][status] GET https://firebase.googleapis.com/v1beta1/projects/smartrex-joekenpat 200
[debug] [2021-03-07T11:03:06.040Z] <<< [apiv2][body] GET https://firebase.googleapis.com/v1beta1/projects/smartrex-joekenpat {"projectId":"smartrex-joekenpat","projectNumber":"257995473223","displayName":"smartrex","name":"projects/smartrex-joekenpat","resources":{"hostingSite":"smartrex-joekenpat","realtimeDatabaseInstance":"smartrex-joekenpat","storageBucket":"smartrex-joekenpat.appspot.com","locationId":"us-central"},"state":"ACTIVE"}
[info] 
[info] === Deploying to 'smartrex-joekenpat'...
[info] 
[info] i  deploying hosting 
[debug] [2021-03-07T11:03:06.044Z] > refreshing access token with scopes: ["email","https://www.googleapis.com/auth/cloud-platform","https://www.googleapis.com/auth/cloudplatformprojects.readonly","https://www.googleapis.com/auth/firebase","openid"]
[debug] [2021-03-07T11:03:06.044Z] >>> HTTP REQUEST POST https://www.googleapis.com/oauth2/v3/token  
 <request body omitted>
[debug] [2021-03-07T11:03:06.919Z] <<< HTTP RESPONSE 200 {"expires":"Mon, 01 Jan 1990 00:00:00 GMT","cache-control":"no-cache, no-store, max-age=0, must-revalidate","pragma":"no-cache","date":"Sun, 07 Mar 2021 11:03:06 GMT","content-type":"application/json; charset=utf-8","vary":"X-Origin, Referer, Origin,Accept-Encoding","server":"scaffolding on HTTPServer2","x-xss-protection":"0","x-frame-options":"SAMEORIGIN","x-content-type-options":"nosniff","alt-svc":"h3-29=\":443\"; ma=2592000,h3-T051=\":443\"; ma=2592000,h3-Q050=\":443\"; ma=2592000,h3-Q046=\":443\"; ma=2592000,h3-Q043=\":443\"; ma=2592000,quic=\":443\"; ma=2592000; v=\"46,43\"","accept-ranges":"none","transfer-encoding":"chunked"}
[debug] [2021-03-07T11:03:06.978Z] >>> HTTP REQUEST POST https://firebasehosting.googleapis.com/v1beta1/sites/smartrex-joekenpat/versions  
 {"config":{"rewrites":[{"glob":"**","path":"/index.html"}]},"labels":{"deployment-tool":"cli-firebase"}}
